2024-03-08 01:13:59 info: Congratulations, your extension "Embold" is now active!
2024-03-08 01:13:59 info: tempDirectory : c:\Users\ASUS\.vscode\extensions\embold-vscode.embold-0.1.8\temp
2024-03-08 01:14:00 info: Extraction complete for source: c:\Users\ASUS\.vscode\extensions\embold-vscode.embold-0.1.8\resources\embold-scanner-archive.zip, destination: c:\Users\ASUS\.vscode\extensions\embold-vscode.embold-0.1.8\temp
2024-03-08 01:14:00 info: Extension installed on machine OS : win32
2024-03-08 01:14:00 info: Fetched the issues from DB
2024-03-08 01:14:00 info: Java version installed on machine : 
java version "1.8.0_361"
Java(TM) SE Runtime Environment (build 1.8.0_361-b09)
Java HotSpot(TM) 64-Bit Server VM (build 25.361-b09, mixed mode)

2024-03-08 01:14:00 info: Java installed on machine.
2024-03-08 01:14:02 info: Embold extension version response:{"hasSupport":false,"version":"0.1.6","changeNotes":"<div> <p>Release Date: 09 Oct, 2023 <br><span>Bug fixes and improvements.</span></p> </div>"}
2024-03-08 01:14:02 info: Current installed embold extension version : 0.1.8
2024-03-08 01:14:02 info: Latest embold extension version on marketplace : 0.1.6
2024-03-08 01:15:21 info: Row(s) deleted
2024-03-08 01:15:23 info: Row(s) deleted
2024-03-08 01:15:48 info: Row(s) deleted
2024-03-08 01:15:55 info: Row(s) deleted
2024-03-08 01:16:05 info: Row(s) deleted
2024-03-08 01:17:00 info: Congratulations, your extension "Embold" is now active!
2024-03-08 01:17:00 info: tempDirectory : c:\Users\ASUS\.vscode\extensions\embold-vscode.embold-0.1.8\temp
2024-03-08 01:17:05 info: Extraction complete for source: c:\Users\ASUS\.vscode\extensions\embold-vscode.embold-0.1.8\resources\embold-scanner-archive.zip, destination: c:\Users\ASUS\.vscode\extensions\embold-vscode.embold-0.1.8\temp
2024-03-08 01:17:05 info: Extension installed on machine OS : win32
2024-03-08 01:17:05 info: Fetched the issues from DB
2024-03-08 01:17:06 info: Java version installed on machine : 
java version "1.8.0_361"
Java(TM) SE Runtime Environment (build 1.8.0_361-b09)
Java HotSpot(TM) 64-Bit Server VM (build 25.361-b09, mixed mode)

2024-03-08 01:17:06 info: Java installed on machine.
2024-03-08 01:17:06 info: Embold extension version response:{"hasSupport":false,"version":"0.1.6","changeNotes":"<div> <p>Release Date: 09 Oct, 2023 <br><span>Bug fixes and improvements.</span></p> </div>"}
2024-03-08 01:17:06 info: Current installed embold extension version : 0.1.8
2024-03-08 01:17:06 info: Latest embold extension version on marketplace : 0.1.6
